<?xml version="1.0" encoding="UTF-8"?>
<testng-results skipped="0" failed="0" ignored="0" total="5" passed="5">
  <reporter-output>
  </reporter-output>
  <suite name="Default suite" duration-ms="59551" started-at="2020-03-03T06:43:02Z" finished-at="2020-03-03T06:44:02Z">
    <groups>
    </groups>
    <test name="Default test" duration-ms="59551" started-at="2020-03-03T06:43:02Z" finished-at="2020-03-03T06:44:02Z">
      <class name="com.flipkart.testCases.AssignmentTest">
        <test-method status="PASS" signature="openUrl()[pri:0, instance:com.flipkart.testCases.AssignmentTest@6e0e048a]" name="openUrl" is-config="true" duration-ms="9382" started-at="2020-03-03T06:43:02Z" finished-at="2020-03-03T06:43:12Z">
          <reporter-output>
          </reporter-output>
        </test-method> <!-- openUrl -->
        <test-method status="PASS" signature="googleSearchTest()[pri:1, instance:com.flipkart.testCases.AssignmentTest@6e0e048a]" name="googleSearchTest" duration-ms="17721" started-at="2020-03-03T06:43:12Z" finished-at="2020-03-03T06:43:30Z">
          <reporter-output>
          </reporter-output>
        </test-method> <!-- googleSearchTest -->
        <test-method status="PASS" signature="openFlipkart()[pri:2, instance:com.flipkart.testCases.AssignmentTest@6e0e048a]" name="openFlipkart" duration-ms="5814" started-at="2020-03-03T06:43:30Z" finished-at="2020-03-03T06:43:35Z">
          <reporter-output>
          </reporter-output>
        </test-method> <!-- openFlipkart -->
        <test-method status="PASS" signature="compareProducts()[pri:3, instance:com.flipkart.testCases.AssignmentTest@6e0e048a]" name="compareProducts" duration-ms="8735" started-at="2020-03-03T06:43:35Z" finished-at="2020-03-03T06:43:44Z">
          <reporter-output>
          </reporter-output>
        </test-method> <!-- compareProducts -->
        <test-method status="PASS" signature="addToCompare()[pri:4, instance:com.flipkart.testCases.AssignmentTest@6e0e048a]" name="addToCompare" duration-ms="12556" started-at="2020-03-03T06:43:44Z" finished-at="2020-03-03T06:43:57Z">
          <reporter-output>
          </reporter-output>
        </test-method> <!-- addToCompare -->
        <test-method status="PASS" signature="printProductDetails()[pri:5, instance:com.flipkart.testCases.AssignmentTest@6e0e048a]" name="printProductDetails" duration-ms="307" started-at="2020-03-03T06:43:57Z" finished-at="2020-03-03T06:43:57Z">
          <reporter-output>
          </reporter-output>
        </test-method> <!-- printProductDetails -->
        <test-method status="PASS" signature="closeBrowser()[pri:0, instance:com.flipkart.testCases.AssignmentTest@6e0e048a]" name="closeBrowser" is-config="true" duration-ms="5001" started-at="2020-03-03T06:43:57Z" finished-at="2020-03-03T06:44:02Z">
          <reporter-output>
          </reporter-output>
        </test-method> <!-- closeBrowser -->
      </class> <!-- com.flipkart.testCases.AssignmentTest -->
    </test> <!-- Default test -->
  </suite> <!-- Default suite -->
</testng-results>
