<?xml version="1.0" encoding="UTF-8"?>
<!-- Generated by org.testng.reporters.JUnitXMLReporter -->
<testsuite hostname="GLB-343-PC" ignored="0" name="Default test" tests="5" failures="0" timestamp="03 Mar 2020 06:44:02 GMT" time="59.551" errors="0">
  <testcase name="googleSearchTest" time="17.721" classname="com.flipkart.testCases.AssignmentTest"/>
  <testcase name="openFlipkart" time="5.814" classname="com.flipkart.testCases.AssignmentTest"/>
  <testcase name="compareProducts" time="8.735" classname="com.flipkart.testCases.AssignmentTest"/>
  <testcase name="addToCompare" time="12.556" classname="com.flipkart.testCases.AssignmentTest"/>
  <testcase name="printProductDetails" time="0.307" classname="com.flipkart.testCases.AssignmentTest"/>
</testsuite> <!-- Default test -->
